2022-11-23 12:34:51 [ QCBot:0 ] - [ INFO ] 欢迎使用QCBot
2022-11-23 12:34:51 [ QCBot:27 ] - [ ERROR ] 出现错误，程序将退出...
2022-11-23 12:39:52 [ QCBot:0 ] - [ INFO ] 欢迎使用QCBot
2022-11-23 12:39:52 [ QCBot:29 ] - [ ERROR ] 出现错误，程序将退出...
2022-11-23 12:46:49 [ QCBot:0 ] - [ INFO ] 欢迎使用QCBot
2022-11-23 12:46:49 [ QCBot:10 ] - [ INFO ] 未找到配置文件，正在创建并使用默认配置文件...
2022-11-23 12:46:49 [ QCBot:20 ] - [ INFO ] 配置文件已创建，请修改有关内容后重新启动程序!
2022-11-23 12:46:49 [ QCBot:21 ] - [ ERROR ] 程序将退出...
2022-11-23 12:47:38 [ QCBot:0 ] - [ INFO ] 欢迎使用QCBot
2022-11-23 12:47:38 [ QCBot:111 ] - [ INFO ] 正在读取插件...
2022-11-23 12:47:38 [ QCBot:329 ] - [ INFO ] 正在加载插件配置文件目录...
2022-11-23 12:47:38 [ QCBot:334 ] - [ INFO ] 插件读取完毕!
2022-11-23 12:47:38 [ QCBot:335 ] - [ INFO ] 正在加载插件...
2022-11-23 12:47:38 [ QCBot:336 ] - [ INFO ] 插件加载完毕，准备启动服务...
2022-11-23 12:47:40 [ QCBot:2482 ] - [ DEBUG ] {"url":"wss://sandbox.api.sgroup.qq.com/websocket","shards":1,"session_start_limit":{"total":1000,"remaining":996,"reset_after":82381229,"max_concurrency":1}}
2022-11-23 12:47:41 [ QCBot:2882 ] - [ INFO ] 网关地址: wss://sandbox.api.sgroup.qq.com/websocket, 建议分片数: 1
2022-11-23 12:47:41 [ WebSocket:3248 ] - [ INFO ] 已连接至网关!
2022-11-23 12:47:41 [ WebSocket:3254 ] - [ DEBUG ] 收到消息: {"d":{"heartbeat_interval":41250},"op":10}
2022-11-23 12:47:41 [ WebSocket:3270 ] - [ INFO ] 正在发送鉴权...
2022-11-23 12:47:41 [ WebSocket:3331 ] - [ DEBUG ] 发送消息: {"d":{"intents":1073747459,"shard":[],"token":"Bot 101984499.VNlTKRqVlvEGF7C0WCpKBt37AsclnFwT"},"op":2}
2022-11-23 12:47:41 [ WebSocket:3438 ] - [ DEBUG ] 收到消息: {"op":0,"s":1,"t":"READY","d":{"version":1,"session_id":"5aceb374-4990-4b24-9194-fc688cc973aa","user":{"id":"9598713834983262302","username":"Pecbot-测试中","bot":true,"status":1},"shard":[0,0]}}
2022-11-23 12:47:41 [ WebSocket:3451 ] - [ INFO ] 鉴权成功, 机器人已上线!
2022-11-23 12:48:27 [ QCBot:0 ] - [ INFO ] 欢迎使用QCBot
2022-11-23 12:48:27 [ QCBot:210 ] - [ INFO ] 正在读取插件...
2022-11-23 12:48:27 [ QCBot:571 ] - [ INFO ] 正在加载插件配置文件目录...
2022-11-23 12:48:27 [ QCBot:576 ] - [ INFO ] 插件读取完毕!
2022-11-23 12:48:27 [ QCBot:576 ] - [ INFO ] 正在加载插件...
2022-11-23 12:48:27 [ QCBot:577 ] - [ INFO ] 插件加载完毕，准备启动服务...
2022-11-23 12:48:29 [ QCBot:2332 ] - [ DEBUG ] {"url":"wss://sandbox.api.sgroup.qq.com/websocket","shards":1,"session_start_limit":{"total":1000,"remaining":995,"reset_after":82332597,"max_concurrency":1}}
2022-11-23 12:48:29 [ QCBot:2550 ] - [ INFO ] 网关地址: wss://sandbox.api.sgroup.qq.com/websocket, 建议分片数: 1
2022-11-23 12:48:30 [ WebSocket:3054 ] - [ INFO ] 已连接至网关!
2022-11-23 12:48:30 [ WebSocket:3060 ] - [ DEBUG ] 收到消息: {"d":{"heartbeat_interval":41250},"op":10}
2022-11-23 12:48:30 [ WebSocket:3073 ] - [ INFO ] 正在发送鉴权...
2022-11-23 12:48:30 [ WebSocket:3140 ] - [ DEBUG ] 发送消息: {"d":{"intents":1073747459,"shard":[],"token":"Bot 101984499.VNlTKRqVlvEGF7C0WCpKBt37AsclnFwT"},"op":2}
2022-11-23 12:48:30 [ WebSocket:3248 ] - [ DEBUG ] 收到消息: {"op":0,"s":1,"t":"READY","d":{"version":1,"session_id":"70ddba0a-d10a-4bd1-a7a7-43b6671d90c2","user":{"id":"9598713834983262302","username":"Pecbot-测试中","bot":true,"status":1},"shard":[0,0]}}
2022-11-23 12:48:30 [ WebSocket:3262 ] - [ INFO ] 鉴权成功, 机器人已上线!
2022-11-23 12:48:44 [ QCBot:0 ] - [ INFO ] 欢迎使用QCBot
2022-11-23 12:48:44 [ QCBot:132 ] - [ INFO ] 正在读取插件...
2022-11-23 12:48:44 [ QCBot:314 ] - [ INFO ] 正在加载插件配置文件目录...
2022-11-23 12:48:44 [ QCBot:317 ] - [ INFO ] 插件读取完毕!
2022-11-23 12:48:44 [ QCBot:318 ] - [ INFO ] 正在加载插件...
2022-11-23 12:48:44 [ QCBot:319 ] - [ INFO ] 插件加载完毕，准备启动服务...
2022-11-23 12:48:46 [ QCBot:2543 ] - [ DEBUG ] {"url":"wss://sandbox.api.sgroup.qq.com/websocket","shards":1,"session_start_limit":{"total":1000,"remaining":994,"reset_after":82315400,"max_concurrency":1}}
2022-11-23 12:48:46 [ QCBot:2826 ] - [ INFO ] 网关地址: wss://sandbox.api.sgroup.qq.com/websocket, 建议分片数: 1
2022-11-23 12:48:47 [ WebSocket:3135 ] - [ INFO ] 已连接至网关!
2022-11-23 12:48:47 [ WebSocket:3141 ] - [ DEBUG ] 收到消息: {"d":{"heartbeat_interval":41250},"op":10}
2022-11-23 12:48:47 [ WebSocket:3154 ] - [ INFO ] 正在发送鉴权...
2022-11-23 12:48:47 [ WebSocket:3216 ] - [ DEBUG ] 发送消息: {"d":{"intents":1073747459,"shard":[],"token":"Bot 101984499.VNlTKRqVlvEGF7C0WCpKBt37AsclnFwT"},"op":2}
2022-11-23 12:48:47 [ WebSocket:3298 ] - [ DEBUG ] 收到消息: {"op":0,"s":1,"t":"READY","d":{"version":1,"session_id":"519712ed-0de3-494a-a66f-4290937c8bf7","user":{"id":"9598713834983262302","username":"Pecbot-测试中","bot":true,"status":1},"shard":[0,0]}}
2022-11-23 12:48:47 [ WebSocket:3311 ] - [ INFO ] 鉴权成功, 机器人已上线!
2022-11-23 12:49:12 [ QCBot:0 ] - [ INFO ] 欢迎使用QCBot
2022-11-23 12:49:13 [ QCBot:93 ] - [ INFO ] 正在读取插件...
2022-11-23 12:49:13 [ QCBot:236 ] - [ INFO ] 正在加载插件配置文件目录...
2022-11-23 12:49:13 [ QCBot:240 ] - [ INFO ] 插件读取完毕!
2022-11-23 12:49:13 [ QCBot:240 ] - [ INFO ] 正在加载插件...
2022-11-23 12:49:13 [ QCBot:252 ] - [ INFO ] 插件加载完毕，准备启动服务...
2022-11-23 12:49:14 [ QCBot:1889 ] - [ DEBUG ] {"url":"wss://sandbox.api.sgroup.qq.com/websocket","shards":1,"session_start_limit":{"total":1000,"remaining":993,"reset_after":82287132,"max_concurrency":1}}
2022-11-23 12:49:15 [ QCBot:2231 ] - [ INFO ] 网关地址: wss://sandbox.api.sgroup.qq.com/websocket, 建议分片数: 1
2022-11-23 12:49:15 [ WebSocket:2553 ] - [ INFO ] 已连接至网关!
2022-11-23 12:49:15 [ WebSocket:2559 ] - [ DEBUG ] 收到消息: {"d":{"heartbeat_interval":41250},"op":10}
2022-11-23 12:49:15 [ WebSocket:2570 ] - [ INFO ] 正在发送鉴权...
2022-11-23 12:49:15 [ WebSocket:2624 ] - [ DEBUG ] 发送消息: {"d":{"intents":1073747459,"shard":[],"token":"Bot 101984499.VNlTKRqVlvEGF7C0WCpKBt37AsclnFwT"},"op":2}
2022-11-23 12:49:15 [ WebSocket:2710 ] - [ DEBUG ] 收到消息: {"op":0,"s":1,"t":"READY","d":{"version":1,"session_id":"c1c1ff10-70a0-4b1f-937c-778ac0c4545b","user":{"id":"9598713834983262302","username":"Pecbot-测试中","bot":true,"status":1},"shard":[0,0]}}
2022-11-23 12:49:15 [ WebSocket:2723 ] - [ INFO ] 鉴权成功, 机器人已上线!
2022-11-23 12:52:51 [ QCBot:0 ] - [ INFO ] 欢迎使用QCBot
2022-11-23 12:52:51 [ QCBot:65 ] - [ INFO ] 正在读取插件...
2022-11-23 12:52:51 [ QCBot:395 ] - [ INFO ] 正在加载插件配置文件目录...
2022-11-23 12:52:51 [ QCBot:399 ] - [ INFO ] 插件读取完毕!
2022-11-23 12:52:51 [ QCBot:400 ] - [ INFO ] 正在加载插件...
2022-11-23 12:52:51 [ QCBot:401 ] - [ INFO ] 插件加载完毕，准备启动服务...
2022-11-23 12:52:53 [ QCBot:2269 ] - [ DEBUG ] {"url":"wss://sandbox.api.sgroup.qq.com/websocket","shards":1,"session_start_limit":{"total":1000,"remaining":991,"reset_after":82068150,"max_concurrency":1}}
2022-11-23 12:52:54 [ QCBot:2575 ] - [ INFO ] 网关地址: wss://sandbox.api.sgroup.qq.com/websocket, 建议分片数: 1
2022-11-23 12:52:54 [ WebSocket:2940 ] - [ INFO ] 已连接至网关!
2022-11-23 12:52:54 [ WebSocket:2946 ] - [ DEBUG ] 收到消息: {"d":{"heartbeat_interval":41250},"op":10}
2022-11-23 12:52:54 [ WebSocket:2955 ] - [ INFO ] 正在发送鉴权...
2022-11-23 12:52:54 [ WebSocket:2996 ] - [ DEBUG ] 发送消息: {"d":{"intents":1073747459,"shard":[],"token":"Bot 101984499.VNlTKRqVlvEGF7C0WCpKBt37AsclnFwT"},"op":2}
2022-11-23 12:52:54 [ WebSocket:3120 ] - [ DEBUG ] 收到消息: {"op":0,"s":1,"t":"READY","d":{"version":1,"session_id":"51f7a5fa-28d8-43f0-a09f-47b69e58b98b","user":{"id":"9598713834983262302","username":"Pecbot-测试中","bot":true,"status":1},"shard":[0,0]}}
2022-11-23 12:52:54 [ WebSocket:3132 ] - [ INFO ] 鉴权成功, 机器人已上线!
2022-11-23 12:55:56 [ QCBot:0 ] - [ INFO ] 欢迎使用QCBot
2022-11-23 12:55:56 [ QCBot:81 ] - [ INFO ] 正在读取插件...
2022-11-23 12:55:57 [ QCBot:271 ] - [ INFO ] 正在加载插件配置文件目录...
2022-11-23 12:55:57 [ QCBot:339 ] - [ INFO ] 插件读取完毕!
2022-11-23 12:55:57 [ QCBot:339 ] - [ INFO ] 正在加载插件...
2022-11-23 12:55:57 [ QCBot:340 ] - [ INFO ] 插件加载完毕，准备启动服务...
2022-11-23 12:55:58 [ QCBot:1958 ] - [ DEBUG ] {"url":"wss://sandbox.api.sgroup.qq.com/websocket","shards":1,"session_start_limit":{"total":1000,"remaining":989,"reset_after":81883179,"max_concurrency":1}}
2022-11-23 12:55:59 [ QCBot:2297 ] - [ INFO ] 网关地址: wss://sandbox.api.sgroup.qq.com/websocket, 建议分片数: 1
2022-11-23 12:55:59 [ WebSocket:2661 ] - [ INFO ] 已连接至网关!
2022-11-23 12:55:59 [ WebSocket:2668 ] - [ DEBUG ] 收到消息: {"d":{"heartbeat_interval":41250},"op":10}
2022-11-23 12:55:59 [ WebSocket:2679 ] - [ INFO ] 正在发送鉴权...
2022-11-23 12:55:59 [ WebSocket:2759 ] - [ DEBUG ] 发送消息: {"d":{"intents":1073747459,"shard":[],"token":"Bot 101984499.VNlTKRqVlvEGF7C0WCpKBt37AsclnFwT"},"op":2}
2022-11-23 12:55:59 [ WebSocket:2889 ] - [ DEBUG ] 收到消息: {"op":0,"s":1,"t":"READY","d":{"version":1,"session_id":"bfc73df7-a4b2-49bd-891f-f99177fd7e10","user":{"id":"9598713834983262302","username":"Pecbot-测试中","bot":true,"status":1},"shard":[0,0]}}
2022-11-23 12:55:59 [ WebSocket:2909 ] - [ INFO ] 鉴权成功, 机器人已上线!
2022-11-23 13:23:43 [ QCBot:0 ] - [ INFO ] 欢迎使用QCBot
2022-11-23 13:23:43 [ QCBot:95 ] - [ INFO ] 正在读取插件...
2022-11-23 13:23:44 [ QCBot:262 ] - [ INFO ] 正在加载插件配置文件目录...
2022-11-23 13:23:44 [ QCBot:266 ] - [ INFO ] 插件读取完毕!
2022-11-23 13:23:44 [ QCBot:267 ] - [ INFO ] 正在加载插件...
2022-11-23 13:23:44 [ QCBot:268 ] - [ INFO ] 插件加载完毕，准备启动服务...
2022-11-23 13:23:45 [ QCBot:1907 ] - [ DEBUG ] {"url":"wss://sandbox.api.sgroup.qq.com/websocket","shards":1,"session_start_limit":{"total":1000,"remaining":987,"reset_after":80216345,"max_concurrency":1}}
2022-11-23 13:23:46 [ QCBot:2254 ] - [ INFO ] 网关地址: wss://sandbox.api.sgroup.qq.com/websocket, 建议分片数: 1
2022-11-23 13:23:46 [ WebSocket:2713 ] - [ INFO ] 已连接至网关!
2022-11-23 13:23:46 [ WebSocket:2721 ] - [ DEBUG ] 收到消息: {"d":{"heartbeat_interval":41250},"op":10}
2022-11-23 13:23:46 [ WebSocket:2735 ] - [ INFO ] 正在发送鉴权...
2022-11-23 13:23:46 [ WebSocket:2790 ] - [ DEBUG ] 发送消息: {"d":{"intents":1073747459,"shard":[],"token":"Bot 101984499.VNlTKRqVlvEGF7C0WCpKBt37AsclnFwT"},"op":2}
2022-11-23 13:23:46 [ WebSocket:2907 ] - [ DEBUG ] 收到消息: {"op":0,"s":1,"t":"READY","d":{"version":1,"session_id":"ff85bae2-0636-4881-ae77-ae5f1b63beb3","user":{"id":"9598713834983262302","username":"Pecbot-测试中","bot":true,"status":1},"shard":[0,0]}}
2022-11-23 13:23:46 [ WebSocket:2930 ] - [ INFO ] 鉴权成功, 机器人已上线!
2022-11-23 13:27:19 [ QCBot:0 ] - [ INFO ] 欢迎使用QCBot
2022-11-23 13:27:19 [ QCBot:61 ] - [ INFO ] 正在读取插件...
2022-11-23 13:27:19 [ QCBot:194 ] - [ INFO ] 正在加载插件配置文件目录...
2022-11-23 13:27:19 [ QCBot:196 ] - [ INFO ] 插件读取完毕!
2022-11-23 13:27:19 [ QCBot:198 ] - [ INFO ] 正在加载插件...
2022-11-23 13:27:19 [ QCBot:199 ] - [ INFO ] 插件加载完毕，准备启动服务...
2022-11-23 13:27:21 [ QCBot:1952 ] - [ DEBUG ] {"url":"wss://sandbox.api.sgroup.qq.com/websocket","shards":1,"session_start_limit":{"total":1000,"remaining":986,"reset_after":80000584,"max_concurrency":1}}
2022-11-23 13:27:21 [ QCBot:2150 ] - [ INFO ] 网关地址: wss://sandbox.api.sgroup.qq.com/websocket, 建议分片数: 1
2022-11-23 13:27:22 [ WebSocket:2477 ] - [ INFO ] 已连接至网关!
2022-11-23 13:27:22 [ WebSocket:2480 ] - [ DEBUG ] 收到消息: {"d":{"heartbeat_interval":41250},"op":10}
2022-11-23 13:27:22 [ WebSocket:2487 ] - [ INFO ] 正在发送鉴权...
2022-11-23 13:27:22 [ WebSocket:2513 ] - [ DEBUG ] 发送消息: {"d":{"intents":1073747459,"shard":[],"token":"Bot 101984499.VNlTKRqVlvEGF7C0WCpKBt37AsclnFwT"},"op":2}
2022-11-23 13:27:22 [ WebSocket:2623 ] - [ DEBUG ] 收到消息: {"op":0,"s":1,"t":"READY","d":{"version":1,"session_id":"f72c6bac-50fb-4a1b-be94-edabf9cd4e58","user":{"id":"9598713834983262302","username":"Pecbot-测试中","bot":true,"status":1},"shard":[0,0]}}
2022-11-23 13:27:22 [ WebSocket:2653 ] - [ INFO ] 鉴权成功, 机器人已上线!
